0 info it worked if it ends with ok
1 verbose cli [ 'C:\\Program Files (x86)\\node\\node.exe',
1 verbose cli   'C:\\Program Files (x86)\\node\\node_modules\\npm\\bin\\npm-cli.js',
1 verbose cli   'run',
1 verbose cli   'storybook' ]
2 info using npm@3.10.10
3 info using node@v6.11.1
4 verbose run-script [ 'prestorybook', 'storybook', 'poststorybook' ]
5 info lifecycle Task2@1.0.0~prestorybook: Task2@1.0.0
6 silly lifecycle Task2@1.0.0~prestorybook: no script for prestorybook, continuing
7 info lifecycle Task2@1.0.0~storybook: Task2@1.0.0
8 verbose lifecycle Task2@1.0.0~storybook: unsafe-perm in lifecycle true
9 verbose lifecycle Task2@1.0.0~storybook: PATH: C:\Program Files (x86)\node\node_modules\npm\bin\node-gyp-bin;E:\GitHub\epam-react\Task2__\node_modules\.bin;C:\Program Files (x86)\Intel\iCLS Client\;C:\Program Files\Intel\iCLS Client\;C:\Windows\system32;C:\Windows;C:\Windows\System32\Wbem;C:\Windows\System32\WindowsPowerShell\v1.0\;C:\Program Files\Intel\Intel(R) Management Engine Components\DAL;C:\Program Files\Intel\Intel(R) Management Engine Components\IPT;C:\Program Files (x86)\Intel\Intel(R) Management Engine Components\DAL;C:\Program Files (x86)\Intel\Intel(R) Management Engine Components\IPT;C:\Program Files (x86)\Avest\AvPCM_MNS;C:\Program Files (x86)\Skype\Phone\;C:\Program Files (x86)\Git\cmd;C:\Program Files (x86)\node\;C:\Program Files (x86)\Avest\AvPCM_nces;C:\Users\admin\AppData\Local\atom\bin;C:\Users\admin\AppData\Roaming\npm;C:\Program Files\Microsoft VS Code\bin
10 verbose lifecycle Task2@1.0.0~storybook: CWD: E:\GitHub\epam-react\Task2__
11 silly lifecycle Task2@1.0.0~storybook: Args: [ '/d /s /c', 'start-storybook -p 6006' ]
12 silly lifecycle Task2@1.0.0~storybook: Returned: code: 1  signal: null
13 info lifecycle Task2@1.0.0~storybook: Failed to exec storybook script
14 verbose stack Error: Task2@1.0.0 storybook: `start-storybook -p 6006`
14 verbose stack Exit status 1
14 verbose stack     at EventEmitter.<anonymous> (C:\Program Files (x86)\node\node_modules\npm\lib\utils\lifecycle.js:255:16)
14 verbose stack     at emitTwo (events.js:106:13)
14 verbose stack     at EventEmitter.emit (events.js:191:7)
14 verbose stack     at ChildProcess.<anonymous> (C:\Program Files (x86)\node\node_modules\npm\lib\utils\spawn.js:40:14)
14 verbose stack     at emitTwo (events.js:106:13)
14 verbose stack     at ChildProcess.emit (events.js:191:7)
14 verbose stack     at maybeClose (internal/child_process.js:891:16)
14 verbose stack     at Process.ChildProcess._handle.onexit (internal/child_process.js:226:5)
15 verbose pkgid Task2@1.0.0
16 verbose cwd E:\GitHub\epam-react\Task2__
17 error Windows_NT 6.3.9600
18 error argv "C:\\Program Files (x86)\\node\\node.exe" "C:\\Program Files (x86)\\node\\node_modules\\npm\\bin\\npm-cli.js" "run" "storybook"
19 error node v6.11.1
20 error npm  v3.10.10
21 error code ELIFECYCLE
22 error Task2@1.0.0 storybook: `start-storybook -p 6006`
22 error Exit status 1
23 error Failed at the Task2@1.0.0 storybook script 'start-storybook -p 6006'.
23 error Make sure you have the latest version of node.js and npm installed.
23 error If you do, this is most likely a problem with the Task2 package,
23 error not with npm itself.
23 error Tell the author that this fails on your system:
23 error     start-storybook -p 6006
23 error You can get information on how to open an issue for this project with:
23 error     npm bugs Task2
23 error Or if that isn't available, you can get their info via:
23 error     npm owner ls Task2
23 error There is likely additional logging output above.
24 verbose exit [ 1, true ]
